<?xml version="1.0" encoding="UTF-8"?>
<robot generator="Robot 3.1.2 (Python 3.7.6 on win32)" generated="20201004 14:14:51.726" rpa="false">
<suite id="s1" name="Test Case" source="D:\Portfolio\RobotFrameWork\test\Test Case.robot">
<kw name="Begin web test" library="common" type="setup">
<kw name="Open Browser" library="SeleniumLibrary">
<doc>Opens a new browser instance to the optional ``url``.</doc>
<arguments>
<arg>about:blank</arg>
<arg>${BROWSER}</arg>
</arguments>
<msg timestamp="20201004 14:14:51.966" level="INFO">Opening browser 'ie' to base url 'about:blank'.</msg>
<kw name="Capture Page Screenshot" library="SeleniumLibrary">
<doc>Takes a screenshot of the current page and embeds it into a log file.</doc>
<msg timestamp="20201004 14:14:51.969" level="INFO">Cannot capture screenshot because no browser is open.</msg>
<status status="PASS" starttime="20201004 14:14:51.969" endtime="20201004 14:14:51.969"></status>
</kw>
<msg timestamp="20201004 14:14:51.979" level="FAIL">WebDriverException: Message: 'IEDriverServer.exe' executable needs to be in PATH. Please download from http://selenium-release.storage.googleapis.com/index.html and read up at https://github.com/SeleniumHQ/selenium/wiki/InternetExplorerDriver
</msg>
<status status="FAIL" starttime="20201004 14:14:51.966" endtime="20201004 14:14:51.979"></status>
</kw>
<status status="FAIL" starttime="20201004 14:14:51.966" endtime="20201004 14:14:51.979"></status>
</kw>
<test id="s1-t1" name="User Find Shirts items in Men’s Fashion category">
<tags>
<tag>Amazon</tag>
</tags>
<status status="FAIL" starttime="20201004 14:14:51.979" endtime="20201004 14:14:51.980" critical="yes">Parent suite setup failed:
WebDriverException: Message: 'IEDriverServer.exe' executable needs to be in PATH. Please download from http://selenium-release.storage.googleapis.com/index.html and read up at https://github.com/SeleniumHQ/selenium/wiki/InternetExplorerDriver
</status>
</test>
<test id="s1-t2" name="User Select first available product and add to cart with quantity as 2.">
<status status="FAIL" starttime="20201004 14:14:51.983" endtime="20201004 14:14:51.984" critical="yes">Parent suite setup failed:
WebDriverException: Message: 'IEDriverServer.exe' executable needs to be in PATH. Please download from http://selenium-release.storage.googleapis.com/index.html and read up at https://github.com/SeleniumHQ/selenium/wiki/InternetExplorerDriver
</status>
</test>
<test id="s1-t3" name="User search for “women’s sneakers” from search bar">
<tags>
<tag>Amazon</tag>
</tags>
<status status="FAIL" starttime="20201004 14:14:51.985" endtime="20201004 14:14:51.986" critical="yes">Parent suite setup failed:
WebDriverException: Message: 'IEDriverServer.exe' executable needs to be in PATH. Please download from http://selenium-release.storage.googleapis.com/index.html and read up at https://github.com/SeleniumHQ/selenium/wiki/InternetExplorerDriver
</status>
</test>
<test id="s1-t4" name="User Open the shopping cart and reduce the quantity of the shirts to 1.">
<tags>
<tag>Amazon</tag>
</tags>
<status status="FAIL" starttime="20201004 14:14:51.988" endtime="20201004 14:14:51.988" critical="yes">Parent suite setup failed:
WebDriverException: Message: 'IEDriverServer.exe' executable needs to be in PATH. Please download from http://selenium-release.storage.googleapis.com/index.html and read up at https://github.com/SeleniumHQ/selenium/wiki/InternetExplorerDriver
</status>
</test>
<test id="s1-t5" name="User Proceed to checkout.">
<tags>
<tag>Amazon</tag>
</tags>
<status status="FAIL" starttime="20201004 14:14:51.989" endtime="20201004 14:14:51.990" critical="yes">Parent suite setup failed:
WebDriverException: Message: 'IEDriverServer.exe' executable needs to be in PATH. Please download from http://selenium-release.storage.googleapis.com/index.html and read up at https://github.com/SeleniumHQ/selenium/wiki/InternetExplorerDriver
</status>
</test>
<test id="s1-t6" name="User Sign in Amazon">
<tags>
<tag>Amazon</tag>
</tags>
<status status="FAIL" starttime="20201004 14:14:51.991" endtime="20201004 14:14:51.991" critical="yes">Parent suite setup failed:
WebDriverException: Message: 'IEDriverServer.exe' executable needs to be in PATH. Please download from http://selenium-release.storage.googleapis.com/index.html and read up at https://github.com/SeleniumHQ/selenium/wiki/InternetExplorerDriver
</status>
</test>
<kw name="End web test" library="common" type="teardown">
<kw name="Sleep" library="BuiltIn">
<doc>Pauses the test executed for the given time.</doc>
<arguments>
<arg>5sec</arg>
</arguments>
<msg timestamp="20201004 14:14:56.995" level="INFO">Slept 5 seconds</msg>
<status status="PASS" starttime="20201004 14:14:51.993" endtime="20201004 14:14:56.995"></status>
</kw>
<kw name="Close Browser" library="SeleniumLibrary">
<doc>Closes the current browser.</doc>
<status status="PASS" starttime="20201004 14:14:56.996" endtime="20201004 14:14:56.996"></status>
</kw>
<status status="PASS" starttime="20201004 14:14:51.993" endtime="20201004 14:14:56.996"></status>
</kw>
<doc>Pomona amazon web test
Change directory to Robot-Framework-Pomona
Run "robot -d Results --variable BROWSER:gc test/Pomona.robot" to run in chrome browser</doc>
<status status="FAIL" starttime="20201004 14:14:51.727" endtime="20201004 14:14:56.996">Suite setup failed:
WebDriverException: Message: 'IEDriverServer.exe' executable needs to be in PATH. Please download from http://selenium-release.storage.googleapis.com/index.html and read up at https://github.com/SeleniumHQ/selenium/wiki/InternetExplorerDriver
</status>
</suite>
<statistics>
<total>
<stat pass="0" fail="6">Critical Tests</stat>
<stat pass="0" fail="6">All Tests</stat>
</total>
<tag>
<stat pass="0" fail="5">Amazon</stat>
</tag>
<suite>
<stat pass="0" fail="6" id="s1" name="Test Case">Test Case</stat>
</suite>
</statistics>
<errors>
</errors>
</robot>
